<?xml version="1.0" encoding="UTF-8"?>
<testsuite xmlns:xsi="http://www.w3.org/2001/XMLSchema-instance" xsi:noNamespaceSchemaLocation="https://maven.apache.org/surefire/maven-surefire-plugin/xsd/surefire-test-report-3.0.xsd" version="3.0" name="edu.nju.seg.isd.sisd.parser.isd.ExpressionParserTest" time="0.064" tests="12" errors="0" skipped="0" failures="0">
  <properties>
[...]
</properties>
  <testcase name="arithmetic_or_taskTime_test_1" classname="edu.nju.seg.isd.sisd.parser.isd.ExpressionParserTest" time="0.019"/>
  <testcase name="arithmetic_or_taskTime_test_2" classname="edu.nju.seg.isd.sisd.parser.isd.ExpressionParserTest" time="0.002"/>
  <testcase name="constraint_or_property_test_1" classname="edu.nju.seg.isd.sisd.parser.isd.ExpressionParserTest" time="0.005"/>
  <testcase name="constraint_or_property_test_2" classname="edu.nju.seg.isd.sisd.parser.isd.ExpressionParserTest" time="0.001"/>
  <testcase name="constraint_or_property_test_3" classname="edu.nju.seg.isd.sisd.parser.isd.ExpressionParserTest" time="0.001"/>
  <testcase name="constraint_or_property_test_4" classname="edu.nju.seg.isd.sisd.parser.isd.ExpressionParserTest" time="0.002"/>
  <testcase name="constraint_or_property_test_5" classname="edu.nju.seg.isd.sisd.parser.isd.ExpressionParserTest" time="0.002"/>
  <testcase name="number_test_1" classname="edu.nju.seg.isd.sisd.parser.isd.ExpressionParserTest" time="0.001"/>
  <testcase name="taskTime_test_1" classname="edu.nju.seg.isd.sisd.parser.isd.ExpressionParserTest" time="0.001"/>
  <testcase name="variable_test_1" classname="edu.nju.seg.isd.sisd.parser.isd.ExpressionParserTest" time="0.001"/>
  <testcase name="expression_test_1" classname="edu.nju.seg.isd.sisd.parser.isd.ExpressionParserTest" time="0.001"/>
  <testcase name="expression_test_2" classname="edu.nju.seg.isd.sisd.parser.isd.ExpressionParserTest" time="0.001"/>
</testsuite>